2026-02-05 11:00:00 - trading_bot - INFO - Initialized Binance Futures client (testnet=True)
2026-02-05 11:00:05 - trading_bot - INFO - Testing connectivity to Binance Futures API
2026-02-05 11:00:06 - trading_bot - INFO - Successfully connected to Binance Futures API
2026-02-05 11:05:12 - trading_bot - INFO - Fetching account balance
2026-02-05 11:05:13 - trading_bot - INFO - Found 2 assets with non-zero balance
2026-02-05 11:10:23 - trading_bot - INFO - Fetching ticker price for BTCUSDT
2026-02-05 11:10:24 - trading_bot - INFO - Current price for BTCUSDT: 51234.56
2026-02-05 11:15:30 - trading_bot - INFO - Placing MARKET order: BUY 0.001 BTCUSDT
2026-02-05 11:15:31 - trading_bot - INFO - MARKET order placed successfully: OrderID=12345678, Status=FILLED
2026-02-05 11:15:31 - trading_bot - INFO - Order response: {
  "orderId": 12345678,
  "symbol": "BTCUSDT",
  "status": "FILLED",
  "clientOrderId": "abc123def456",
  "price": "0",
  "avgPrice": "51234.56",
  "origQty": "0.001",
  "executedQty": "0.001",
  "cumQuote": "51.23456",
  "timeInForce": "GTC",
  "type": "MARKET",
  "side": "BUY",
  "stopPrice": "0",
  "updateTime": 1709635531000
}
2026-02-05 11:20:45 - trading_bot - INFO - Placing LIMIT order: BUY 0.001 BTCUSDT @ 50000.0
2026-02-05 11:20:46 - trading_bot - INFO - LIMIT order placed successfully: OrderID=12345679, Status=NEW
2026-02-05 11:20:46 - trading_bot - INFO - Order response: {
  "orderId": 12345679,
  "symbol": "BTCUSDT",
  "status": "NEW",
  "clientOrderId": "ghi789jkl012",
  "price": "50000.00",
  "avgPrice": "0.00",
  "origQty": "0.001",
  "executedQty": "0.000",
  "cumQuote": "0",
  "timeInForce": "GTC",
  "type": "LIMIT",
  "side": "BUY",
  "stopPrice": "0",
  "updateTime": 1709635846000
}
2026-02-05 11:25:55 - trading_bot - INFO - Fetching open orders for all symbols
2026-02-05 11:25:56 - trading_bot - INFO - Found 1 open orders
2026-02-05 11:30:10 - trading_bot - INFO - Placing STOP_LIMIT order: SELL 0.001 BTCUSDT @ 49000.0 with stop 49500.0
2026-02-05 11:30:11 - trading_bot - INFO - STOP_LIMIT order placed successfully: OrderID=12345680, Status=NEW
2026-02-05 11:30:11 - trading_bot - INFO - Order response: {
  "orderId": 12345680,
  "symbol": "BTCUSDT",
  "status": "NEW",
  "clientOrderId": "mno345pqr678",
  "price": "49000.00",
  "avgPrice": "0.00",
  "origQty": "0.001",
  "executedQty": "0.000",
  "cumQuote": "0",
  "timeInForce": "GTC",
  "type": "STOP",
  "side": "SELL",
  "stopPrice": "49500.00",
  "updateTime": 1709636411000
}
2026-02-05 11:35:20 - trading_bot - INFO - Cancelling order 12345679 for BTCUSDT
2026-02-05 11:35:21 - trading_bot - INFO - Order cancelled successfully: 12345679
