2026-02-05 11:26:36 - trading_bot - WARNING - Binance API credentials not found in environment variables
2026-02-05 11:29:33 - trading_bot - ERROR - Failed to initialize Binance client: APIError(code=0): Service unavailable from a restricted location according to 'b. Eligibility' in https://www.binance.com/en/terms. Please contact customer service if you believe you received this message in error.
2026-02-05 11:29:33 - trading_bot - ERROR - Failed to initialize Binance client: APIError(code=0): Service unavailable from a restricted location according to 'b. Eligibility' in https://www.binance.com/en/terms. Please contact customer service if you believe you received this message in error.
2026-02-05 11:29:39 - trading_bot - ERROR - Failed to initialize Binance client: APIError(code=0): Service unavailable from a restricted location according to 'b. Eligibility' in https://www.binance.com/en/terms. Please contact customer service if you believe you received this message in error.
2026-02-05 11:35:19 - trading_bot - ERROR - Failed to initialize Binance client: APIError(code=0): Service unavailable from a restricted location according to 'b. Eligibility' in https://www.binance.com/en/terms. Please contact customer service if you believe you received this message in error.
2026-02-05 11:35:19 - trading_bot - ERROR - Failed to initialize Binance client: APIError(code=0): Service unavailable from a restricted location according to 'b. Eligibility' in https://www.binance.com/en/terms. Please contact customer service if you believe you received this message in error.
2026-02-05 11:35:19 - trading_bot - WARNING - Enabling DEMO MODE due to initialization failure
2026-02-05 11:35:28 - trading_bot - ERROR - Failed to initialize Binance client: APIError(code=0): Service unavailable from a restricted location according to 'b. Eligibility' in https://www.binance.com/en/terms. Please contact customer service if you believe you received this message in error.
2026-02-05 11:35:28 - trading_bot - ERROR - Failed to initialize Binance client: APIError(code=0): Service unavailable from a restricted location according to 'b. Eligibility' in https://www.binance.com/en/terms. Please contact customer service if you believe you received this message in error.
2026-02-05 11:35:28 - trading_bot - WARNING - Enabling DEMO MODE due to initialization failure
2026-02-05 11:35:50 - trading_bot - ERROR - Failed to initialize Binance client: APIError(code=0): Service unavailable from a restricted location according to 'b. Eligibility' in https://www.binance.com/en/terms. Please contact customer service if you believe you received this message in error.
2026-02-05 11:35:50 - trading_bot - ERROR - Failed to initialize Binance client: APIError(code=0): Service unavailable from a restricted location according to 'b. Eligibility' in https://www.binance.com/en/terms. Please contact customer service if you believe you received this message in error.
2026-02-05 11:35:50 - trading_bot - WARNING - Enabling DEMO MODE due to initialization failure
2026-02-05 11:35:59 - trading_bot - ERROR - Failed to initialize Binance client: APIError(code=0): Service unavailable from a restricted location according to 'b. Eligibility' in https://www.binance.com/en/terms. Please contact customer service if you believe you received this message in error.
2026-02-05 11:35:59 - trading_bot - ERROR - Failed to initialize Binance client: APIError(code=0): Service unavailable from a restricted location according to 'b. Eligibility' in https://www.binance.com/en/terms. Please contact customer service if you believe you received this message in error.
2026-02-05 11:35:59 - trading_bot - WARNING - Enabling DEMO MODE due to initialization failure
2026-02-05 11:37:29 - trading_bot - INFO - Received order request: {'symbol': 'BTCUSDT', 'side': 'BUY', 'order_type': 'MARKET', 'quantity': 2.0, 'price': None, 'stop_price': None}
2026-02-05 11:37:29 - trading_bot - INFO - DEMO MODE: Simulated order placed - OrderID=19438511, Status=FILLED
2026-02-05 11:37:54 - trading_bot - INFO - Received order request: {'symbol': 'BTCUSDT', 'side': 'SELL', 'order_type': 'MARKET', 'quantity': 1.0, 'price': None, 'stop_price': None}
2026-02-05 11:37:54 - trading_bot - INFO - DEMO MODE: Simulated order placed - OrderID=44017986, Status=FILLED
2026-02-05 17:23:59 - trading_bot - INFO - Initialized Binance Futures client (testnet=True)
2026-02-05 17:23:59 - trading_bot - INFO - Binance client initialized successfully
2026-02-05 17:29:47 - trading_bot - INFO - Initialized Binance Futures client (testnet=True)
2026-02-05 17:29:47 - trading_bot - INFO - Binance client initialized successfully
2026-02-05 17:33:05 - trading_bot - INFO - Initialized Binance Futures client (testnet=True)
2026-02-05 17:33:05 - trading_bot - INFO - Testing connectivity to Binance Futures API
2026-02-05 17:33:07 - trading_bot - INFO - Successfully connected to Binance Futures API
2026-02-05 17:33:08 - trading_bot - INFO - Fetching account information
2026-02-05 17:33:08 - trading_bot - INFO - Successfully fetched account information
2026-02-05 17:33:23 - trading_bot - INFO - Initialized Binance Futures client (testnet=True)
2026-02-05 17:33:23 - trading_bot - INFO - Placing MARKET order: BUY 0.001 BTCUSDT
2026-02-05 17:33:24 - trading_bot - ERROR - Binance API error placing MARKET order: 400 - Order's notional must be no smaller than 100 (unless you choose reduce only).
